LOADING DATASETS...
STARTING TRAINING...
torch.Size([50, 159])
torch.Size([50, 159])
torch.Size([50, 159])
torch.Size([50, 159])
torch.Size([50, 159])
torch.Size([50, 159])
torch.Size([50, 159])
torch.Size([50, 159])
torch.Size([50, 159])
torch.Size([50, 159])
torch.Size([50, 159])
torch.Size([50, 159])
torch.Size([50, 159])
torch.Size([50, 159])
torch.Size([50, 159])
torch.Size([50, 159])
torch.Size([50, 159])
torch.Size([50, 159])
torch.Size([50, 159])
torch.Size([50, 159])
torch.Size([50, 159])
torch.Size([50, 159])
torch.Size([50, 159])
torch.Size([50, 159])
torch.Size([50, 159])
torch.Size([50, 159])
torch.Size([50, 159])
torch.Size([50, 159])
torch.Size([50, 159])
torch.Size([50, 159])
torch.Size([50, 159])
torch.Size([50, 159])
torch.Size([50, 159])
torch.Size([50, 159])
torch.Size([50, 159])
torch.Size([50, 159])
torch.Size([50, 159])
torch.Size([50, 159])
torch.Size([50, 159])
torch.Size([50, 159])
torch.Size([50, 159])
torch.Size([50, 159])
torch.Size([50, 159])
torch.Size([50, 159])
torch.Size([50, 159])
torch.Size([50, 159])
torch.Size([50, 159])
torch.Size([50, 159])
torch.Size([50, 159])
torch.Size([50, 159])
torch.Size([50, 159])
torch.Size([50, 159])
torch.Size([50, 159])
torch.Size([50, 159])
torch.Size([50, 159])
torch.Size([50, 159])
torch.Size([50, 159])
torch.Size([50, 159])
torch.Size([50, 159])
torch.Size([50, 159])
torch.Size([50, 159])
torch.Size([50, 159])
torch.Size([50, 159])
torch.Size([50, 159])
torch.Size([64, 50, 159])
